\BOOKMARK [1][-]{section.1}{Introduction}{}% 1
\BOOKMARK [1][-]{section.2}{Basics}{}% 2
\BOOKMARK [2][-]{subsection.2.1}{Definition source separation problem}{section.2}% 3
\BOOKMARK [2][-]{subsection.2.2}{Mathematical operations}{section.2}% 4
\BOOKMARK [3][-]{subsubsection.2.2.1}{Short term fourier transform}{subsection.2.2}% 5
\BOOKMARK [3][-]{subsubsection.2.2.2}{Embedding space}{subsection.2.2}% 6
\BOOKMARK [2][-]{subsection.2.3}{Deep neural network basics}{section.2}% 7
\BOOKMARK [3][-]{subsubsection.2.3.1}{Recurrent neural network}{subsection.2.3}% 8
\BOOKMARK [3][-]{subsubsection.2.3.2}{Long short term memory}{subsection.2.3}% 9
\BOOKMARK [3][-]{subsubsection.2.3.3}{Autoencoder}{subsection.2.3}% 10
\BOOKMARK [1][-]{section.3}{First attempts using machine learning}{}% 11
\BOOKMARK [2][-]{subsection.3.1}{Spectral Clustering}{section.3}% 12
\BOOKMARK [2][-]{subsection.3.2}{Single-channel multi-talker separation using deep learning techniques}{section.3}% 13
\BOOKMARK [1][-]{section.4}{Deep clustering methods}{}% 14
\BOOKMARK [2][-]{subsection.4.1}{Deep clustering method - Frequency domain audio separation based methods}{section.4}% 15
\BOOKMARK [3][-]{subsubsection.4.1.1}{Training}{subsection.4.1}% 16
\BOOKMARK [3][-]{subsubsection.4.1.2}{Results}{subsection.4.1}% 17
\BOOKMARK [2][-]{subsection.4.2}{TasNet - Time domain audio separation based methods}{section.4}% 18
\BOOKMARK [3][-]{subsubsection.4.2.1}{Training}{subsection.4.2}% 19
\BOOKMARK [3][-]{subsubsection.4.2.2}{Results}{subsection.4.2}% 20
\BOOKMARK [1][-]{section.5}{Conclusion}{}% 21
\BOOKMARK [1][-]{section.5}{References}{}% 22
