\BOOKMARK [1][-]{section.1}{Motivation}{}% 1
\BOOKMARK [1][-]{section.2}{Conventional communication systems}{}% 2
\BOOKMARK [2][-]{subsection.2.1}{Structure of system}{section.2}% 3
\BOOKMARK [3][-]{subsubsection.2.1.1}{Transmitter}{subsection.2.1}% 4
\BOOKMARK [3][-]{subsubsection.2.1.2}{Channel}{subsection.2.1}% 5
\BOOKMARK [3][-]{subsubsection.2.1.3}{Receiver}{subsection.2.1}% 6
\BOOKMARK [2][-]{subsection.2.2}{Advantages of current system}{section.2}% 7
\BOOKMARK [1][-]{section.3}{Applying deep learning to communication systems}{}% 8
\BOOKMARK [2][-]{subsection.3.1}{Deep neural network basics}{section.3}% 9
\BOOKMARK [2][-]{subsection.3.2}{Convolutional Layers in NN}{section.3}% 10
\BOOKMARK [2][-]{subsection.3.3}{Autoencoder}{section.3}% 11
\BOOKMARK [2][-]{subsection.3.4}{Synchronization of information transfer}{section.3}% 12
\BOOKMARK [2][-]{subsection.3.5}{Training of autoencoder systems}{section.3}% 13
\BOOKMARK [1][-]{section.4}{State-of-the-art deep learning methods for communication systems}{}% 14
\BOOKMARK [2][-]{subsection.4.1}{Example system}{section.4}% 15
\BOOKMARK [2][-]{subsection.4.2}{Comparison deep learing methods and conventional methods}{section.4}% 16
\BOOKMARK [3][-]{subsubsection.4.2.1}{Performance measurement}{subsection.4.2}% 17
\BOOKMARK [3][-]{subsubsection.4.2.2}{Results using deep learning methods}{subsection.4.2}% 18
\BOOKMARK [1][-]{section.5}{Conclusion}{}% 19
\BOOKMARK [1][-]{section.5}{References}{}% 20
